Using pre-set license
Built from '2020.3/staging' branch; Version is '2020.3.9f1 (108be757e447) revision 1084391'; Using compiler version '192528614'; Build Type 'Release'
OS: 'Windows 10 Pro; OS build 22621.1992; Version 2009; 64bit' Language: 'ko' Physical Memory: 32581 MB
BatchMode: 1, IsHumanControllingUs: 0, StartBugReporterOnCrash: 0, Is64bit: 1, IsPro: 0

 COMMAND LINE ARGUMENTS:
C:\Program Files\Unity\Hub\Editor\2020.3.9f1\Editor\Unity.exe
-adb2
-batchMode
-noUpm
-name
AssetImportWorker0
-projectPath
C:/Zepeto_Multi/ZepetoMultiplay
-logFile
Logs/AssetImportWorker0.log
-srvPort
50984
Successfully changed project path to: C:/Zepeto_Multi/ZepetoMultiplay
C:/Zepeto_Multi/ZepetoMultiplay
Using Asset Import Pipeline V2.
Refreshing native plugins compatible for Editor in 27.77 ms, found 4 plugins.
Preloading 0 native plugins for Editor in 0.00 ms.
Initialize engine version: 2020.3.9f1 (108be757e447)
[Subsystems] Discovering subsystems at path C:/Program Files/Unity/Hub/Editor/2020.3.9f1/Editor/Data/Resources/UnitySubsystems
[Subsystems] Discovering subsystems at path C:/Zepeto_Multi/ZepetoMultiplay/Assets
GfxDevice: creating device client; threaded=0
Direct3D:
    Version:  Direct3D 11.0 [level 11.1]
    Renderer: NVIDIA GeForce RTX 4070 Ti (ID=0x2782)
    Vendor:   
    VRAM:     12010 MB
    Driver:   31.0.15.3168
Initialize mono
Mono path[0] = 'C:/Program Files/Unity/Hub/Editor/2020.3.9f1/Editor/Data/Managed'
Mono path[1] = 'C:/Program Files/Unity/Hub/Editor/2020.3.9f1/Editor/Data/MonoBleedingEdge/lib/mono/unityjit'
Mono config path = 'C:/Program Files/Unity/Hub/Editor/2020.3.9f1/Editor/Data/MonoBleedingEdge/etc'
Using monoOptions --debugger-agent=transport=dt_socket,embedding=1,server=y,suspend=n,address=127.0.0.1:56092
Begin MonoManager ReloadAssembly
Registering precompiled unity dll's ...
Trying to register platform support module: C:/Program Files/Unity/Hub/Editor/2020.3.9f1/Editor/Data/PlaybackEngines/MacStandaloneSupport/UnityEditor.OSXStandalone.Extensions.dll (that doesn't exist). Retrying without overrides.
Platform support module is not available: C:/Program Files/Unity/Hub/Editor/2020.3.9f1/Editor/Data/PlaybackEngines/MacStandaloneSupport/UnityEditor.OSXStandalone.Extensions.dll
Register platform support module: C:/Program Files/Unity/Hub/Editor/2020.3.9f1/Editor/Data/PlaybackEngines/WindowsStandaloneSupport/UnityEditor.WindowsStandalone.Extensions.dll
Registered in 0.000665 seconds.
Native extension for WindowsStandalone target not found
Refreshing native plugins compatible for Editor in 22.43 ms, found 4 plugins.
Preloading 0 native plugins for Editor in 0.00 ms.
Mono: successfully reloaded assembly
- Completed reload, in  0.902 seconds
Platform modules already initialized, skipping
Registering precompiled user dll's ...
Registered in 0.008589 seconds.
Begin MonoManager ReloadAssembly
Native extension for WindowsStandalone target not found
Refreshing native plugins compatible for Editor in 23.40 ms, found 4 plugins.
Preloading 0 native plugins for Editor in 0.00 ms.
System.NullReferenceException: Object reference not set to an instance of an object
  at ZEPETO.World.Editor.WorldEditorSettings.IsZaizai () [0x00016] in <e1455cf8d85049bf9d42b7f2d307fb10>:0 
  at ZEPETO.World.Editor.WorldEditorSettings.SelectDevelopment () [0x00001] in <e1455cf8d85049bf9d42b7f2d307fb10>:0 
  at ZEPETO.World.Editor.WorldEditorSettings.get_Development () [0x00011] in <e1455cf8d85049bf9d42b7f2d307fb10>:0 
  at ZEPETO.World.Editor.WorldEditorSettings.get_BuiltinSettings () [0x00000] in <e1455cf8d85049bf9d42b7f2d307fb10>:0 
  at ZEPETO.World.Editor.WorldEditorSettings.get_ActiveSetting () [0x00027] in <e1455cf8d85049bf9d42b7f2d307fb10>:0 
  at ZEPETO.World.Common.APIHostEditor..ctor () [0x00006] in <1a219a6a8cd249cba8ce1420b658e55e>:0 
  at ZEPETO.World.Common.APIHostInitializer..cctor () [0x00000] in <1a219a6a8cd249cba8ce1420b658e55e>:0 
UnityEngine.StackTraceUtility:ExtractStackTrace ()
UnityEngine.DebugLogHandler:LogFormat (UnityEngine.LogType,UnityEngine.Object,string,object[])
UnityEngine.Logger:Log (UnityEngine.LogType,object)
UnityEngine.Debug:LogError (object)
UnityEditor.EditorAssemblies:ProcessInitializeOnLoadAttributes (System.Type[])

NullReferenceException: Object reference not set to an instance of an object
  at ZEPETO.World.Editor.WorldEditorSettings.IsZaizai () [0x00016] in <e1455cf8d85049bf9d42b7f2d307fb10>:0 
  at ZEPETO.World.Editor.WorldEditorSettings.SelectDevelopment () [0x00001] in <e1455cf8d85049bf9d42b7f2d307fb10>:0 
  at ZEPETO.World.Editor.WorldEditorSettings.get_Development () [0x00011] in <e1455cf8d85049bf9d42b7f2d307fb10>:0 
  at ZEPETO.World.Editor.WorldEnvironmentInitializer.MultiplaySettingInitialize () [0x00001] in <1f78292bfa504ccb88df21fa5a5a1627>:0 
  at ZEPETO.World.Editor.WorldEnvironmentInitializer.InitializeOnLoadMethod () [0x00001] in <1f78292bfa504ccb88df21fa5a5a1627>:0 

NullReferenceException: Object reference not set to an instance of an object
  at ZEPETO.World.Editor.WorldEditorSettings.IsZaizai () [0x00016] in <e1455cf8d85049bf9d42b7f2d307fb10>:0 
  at ZEPETO.World.Editor.WorldEditorSettings.SelectDevelopment () [0x00001] in <e1455cf8d85049bf9d42b7f2d307fb10>:0 
  at ZEPETO.World.Editor.WorldEditorSettings.get_Development () [0x00011] in <e1455cf8d85049bf9d42b7f2d307fb10>:0 
  at ZEPETO.World.Editor.WorldEditorSettings.get_BuiltinSettings () [0x00000] in <e1455cf8d85049bf9d42b7f2d307fb10>:0 
  at ZEPETO.World.Editor.WorldEditorSettings.get_ActiveSetting () [0x00027] in <e1455cf8d85049bf9d42b7f2d307fb10>:0 
  at ZEPETO.World.Editor.ForbiddenTypes.LoadForbiddenTypes () [0x0000d] in <1f78292bfa504ccb88df21fa5a5a1627>:0 
  at ZEPETO.World.Editor.ForbiddenTypes.Initialize () [0x00052] in <1f78292bfa504ccb88df21fa5a5a1627>:0 

NullReferenceException: Object reference not set to an instance of an object
  at ZEPETO.World.Editor.WorldPackageEditorUtils.GetDeserializedWorldPackageInfo () [0x00016] in <1f78292bfa504ccb88df21fa5a5a1627>:0 
  at ZEPETO.World.Editor.WorldPackageEditorUtils.GetFieldValue[T] (System.String field) [0x00001] in <1f78292bfa504ccb88df21fa5a5a1627>:0 
  at ZEPETO.World.Editor.WorldPackageEditorUtils.get_ZepetoMinVersion () [0x00000] in <1f78292bfa504ccb88df21fa5a5a1627>:0 
  at ZEPETO.World.Editor.Editor.WorldEditorInitializer.EditorInitializer () [0x00001] in <1f78292bfa504ccb88df21fa5a5a1627>:0 

Mono: successfully reloaded assembly
- Completed reload, in  0.515 seconds
Platform modules already initialized, skipping
========================================================================
Worker process is ready to serve import requests
Launched and connected shader compiler UnityShaderCompiler.exe after 0.02 seconds
Refreshing native plugins compatible for Editor in 0.64 ms, found 4 plugins.
Preloading 0 native plugins for Editor in 0.00 ms.
Unloading 1902 Unused Serialized files (Serialized files now loaded: 0)
System memory in use before: 101.6 MB.
System memory in use after: 101.7 MB.

Unloading 80 unused Assets to reduce memory usage. Loaded Objects now: 2432.
Total: 2.165100 ms (FindLiveObjects: 0.180300 ms CreateObjectMapping: 0.025300 ms MarkObjects: 1.847400 ms  DeleteObjects: 0.110400 ms)

AssetImportWorkerClient::OnTransportError - code=2 error=End of file
